<?xml version="1.0" encoding="UTF-8"?>
<!-- Generated by org.testng.reporters.JUnitReportReporter -->
<testsuite skipped="0" hostname="LAPTOP-MOPK3QRH" name="auntomation.project1.FisrtTest2" tests="3" failures="0" timestamp="2020-06-19T23:34:26 BST" time="7.438" errors="0">
  <testcase name="browserintialization" time="7.436" classname="auntomation.project1.FisrtTest2"/>
  <system-out/>
  <testcase name="logIn" time="0.001" classname="auntomation.project1.FisrtTest2"/>
  <system-out/>
  <testcase name="logout" time="0.001" classname="auntomation.project1.FisrtTest2"/>
  <system-out/>
</testsuite> <!-- auntomation.project1.FisrtTest2 -->
